TN:
SF:src/lib/font-presets.ts
FN:78,getPreset
FN:79,(anonymous_1)
FNF:2
FNH:2
FNDA:2,getPreset
FNDA:8,(anonymous_1)
DA:15,1
DA:79,8
LF:2
LH:2
BRDA:79,0,0,2
BRDA:79,0,1,1
BRF:2
BRH:2
end_of_record
TN:
SF:src/lib/scoring.ts
FN:87,calcRankingPointForTeam
FN:98,buildActualRankMap
FN:114,calcRankingScore
FN:149,calcTitleScore
FN:185,normalizePlayerName
FN:192,calcUserScore
FN:218,calcMonthlyChampions
FN:249,(anonymous_7)
FNF:8
FNH:8
FNDA:49,calcRankingPointForTeam
FNDA:24,buildActualRankMap
FNDA:12,calcRankingScore
FNDA:12,calcTitleScore
FNDA:24,normalizePlayerName
FNDA:3,calcUserScore
FNDA:11,calcMonthlyChampions
FNDA:4,(anonymous_7)
DA:11,2
DA:20,2
DA:91,49
DA:92,49
DA:102,24
DA:103,24
DA:104,142
DA:105,71
DA:108,24
DA:118,12
DA:119,12
DA:120,12
DA:121,12
DA:123,12
DA:125,34
DA:126,34
DA:127,34
DA:129,32
DA:130,32
DA:131,32
DA:132,32
DA:142,12
DA:154,12
DA:155,12
DA:156,30
DA:159,12
DA:160,12
DA:162,12
DA:163,14
DA:164,14
DA:165,14
DA:168,12
DA:170,12
DA:171,14
DA:172,14
DA:182,12
DA:186,24
DA:199,3
DA:200,3
DA:201,3
DA:225,11
DA:228,9
DA:230,9
DA:231,21
DA:232,21
DA:233,21
DA:235,21
DA:236,21
DA:237,20
DA:242,9
DA:243,9
DA:244,19
DA:247,9
DA:249,9
DA:250,13
DA:251,13
DA:253,13
DA:254,20
DA:255,20
DA:256,20
DA:258,20
DA:259,15
DA:260,15
DA:264,13
DA:265,13
DA:269,9
LF:66
LH:66
BRDA:92,0,0,49
BRDA:92,0,1,0
BRDA:104,1,0,71
BRDA:104,1,1,71
BRDA:125,2,0,20
BRDA:125,2,1,14
BRDA:127,3,0,2
BRDA:127,3,1,32
BRDA:165,4,0,2
BRDA:165,4,1,12
BRDA:170,5,0,9
BRDA:170,5,1,3
BRDA:225,6,0,2
BRDA:225,6,1,9
BRDA:232,7,0,14
BRDA:232,7,1,7
BRDA:236,8,0,20
BRDA:236,8,1,1
BRDA:236,9,0,21
BRDA:236,9,1,2
BRDA:254,10,0,20
BRDA:254,10,1,1
BRDA:255,11,0,20
BRDA:255,11,1,16
BRDA:258,12,0,15
BRDA:258,12,1,5
BRDA:264,13,0,13
BRDA:264,13,1,0
BRF:28
BRH:26
end_of_record
TN:
SF:src/lib/share.ts
FN:17,getBaseUrl
FN:32,getOgImageUrl
FN:48,getShareUrl
FN:72,getShareText
FN:97,getTwitterShareUrl
FN:109,getLineShareUrl
FNF:6
FNH:6
FNDA:19,getBaseUrl
FNDA:9,getOgImageUrl
FNDA:10,getShareUrl
FNDA:8,getShareText
FNDA:2,getTwitterShareUrl
FNDA:2,getLineShareUrl
DA:18,19
DA:19,0
DA:21,19
DA:33,9
DA:34,9
DA:36,9
DA:37,9
DA:38,9
DA:39,9
DA:41,9
DA:42,9
DA:52,10
DA:53,10
DA:55,10
DA:57,3
DA:59,4
DA:61,1
DA:63,1
DA:65,1
DA:76,8
DA:78,8
DA:80,3
DA:84,2
DA:86,1
DA:88,1
DA:90,1
DA:101,2
DA:102,2
DA:103,2
DA:113,2
DA:114,2
LF:31
LH:30
BRDA:18,0,0,0
BRDA:18,0,1,19
BRDA:22,1,0,19
BRDA:22,1,1,0
BRDA:23,2,0,0
BRDA:23,2,1,0
BRDA:32,3,0,9
BRDA:36,4,0,3
BRDA:36,4,1,6
BRDA:37,5,0,1
BRDA:37,5,1,8
BRDA:38,6,0,1
BRDA:38,6,1,8
BRDA:39,7,0,1
BRDA:39,7,1,8
BRDA:42,8,0,4
BRDA:42,8,1,5
BRDA:50,9,0,10
BRDA:53,10,0,10
BRDA:53,10,1,1
BRDA:55,11,0,3
BRDA:55,11,1,4
BRDA:55,11,2,1
BRDA:55,11,3,1
BRDA:55,11,4,1
BRDA:74,12,0,8
BRDA:76,13,0,8
BRDA:76,13,1,0
BRDA:78,14,0,3
BRDA:78,14,1,2
BRDA:78,14,2,1
BRDA:78,14,3,1
BRDA:78,14,4,1
BRDA:80,15,0,2
BRDA:80,15,1,1
BRDA:99,16,0,2
BRDA:111,17,0,2
BRF:37
BRH:32
end_of_record
TN:
SF:src/lib/teams.ts
FN:29,getTeamBySlug
FN:30,(anonymous_1)
FN:33,getTeamsByLeague
FN:34,(anonymous_3)
FN:38,getTeamByName
FN:39,(anonymous_5)
FNF:6
FNH:6
FNDA:5,getTeamBySlug
FNDA:45,(anonymous_1)
FNDA:7,getTeamsByLeague
FNDA:84,(anonymous_3)
FNDA:13,getTeamByName
FNDA:90,(anonymous_5)
DA:12,2
DA:30,45
DA:34,84
DA:39,13
DA:40,90
LF:5
LH:5
BRDA:40,0,0,90
BRDA:40,0,1,78
BRDA:40,0,2,78
BRF:3
BRH:3
end_of_record
TN:
SF:src/lib/theme-presets.ts
FN:135,getNumberFont
FN:136,(anonymous_1)
FN:139,getBodyFont
FN:140,(anonymous_3)
FN:143,getColorTheme
FN:144,(anonymous_5)
FN:147,buildGoogleFontsUrl
FNF:7
FNH:7
FNDA:3,getNumberFont
FNDA:10,(anonymous_1)
FNDA:3,getBodyFont
FNDA:9,(anonymous_3)
FNDA:2,getColorTheme
FNDA:8,(anonymous_5)
FNDA:1,buildGoogleFontsUrl
DA:13,1
DA:32,1
DA:50,1
DA:136,10
DA:140,9
DA:144,8
DA:148,1
DA:149,1
DA:150,1
LF:9
LH:9
BRDA:136,0,0,3
BRDA:136,0,1,1
BRDA:140,1,0,3
BRDA:140,1,1,1
BRDA:144,2,0,2
BRDA:144,2,1,1
BRF:6
BRH:6
end_of_record
